Job ID: 5117
Node: node002 echo Starting: 04/23/24 14:14:27
wpatty
Fetching hyperparameters...
	 epochs: 1000
	 test_epochs: 100
	 batch_size: 32
	 max_sentence_len: 32
Loading in data...
Setting device... cuda
Initializing config, model, and optimizer...
Initializing tokenizer...
Initializing dataset...
Initializing datacollator...
Initializing dataloader...
Initializing tokenizer...
Initializing dataset...
Initializing datacollator...
Initializing dataloader...
Traceback (most recent call last):
  File "/storage/homes/wpatty/DABERT2.0/main.py", line 73, in <module>
    train()
  File "/storage/homes/wpatty/DABERT2.0/main.py", line 38, in train
    training_size = hyperparams.get['epochs']*hyperparams.get['batches']*hyperparams.get['batch_size']
KeyError: 'batches'
Ending: 04/23/24 14:15:14
