Job ID: 5118
Node: node002 echo Starting: 04/23/24 14:17:57
wpatty
You're using a BertTokenizerFast tokenizer. Please note that with a fast tokenizer, using the `__call__` method is faster than using a method to encode the text followed by a call to the `pad` method to get a padded encoding.
Fetching hyperparameters...
	 epochs: 1000
	 test_epochs: 100
	 batch_size: 32
	 max_sentence_len: 32
Loading in data...
Setting device... cuda
Initializing config, model, and optimizer...
Initializing tokenizer...
Initializing dataset...
Initializing datacollator...
Initializing dataloader...
Initializing tokenizer...
Initializing dataset...
Initializing datacollator...
Initializing dataloader...
Beginning training on 32000 example sentences (approx. 0.17% of available)...
	 Epoch 0 | Loss: 10.4576
	 Epoch 1 | Loss: 10.3278
	 Epoch 2 | Loss: 10.2995
	 Epoch 3 | Loss: 10.0451
	 Epoch 4 | Loss: 9.9829
	 Epoch 5 | Loss: 9.9395
	 Epoch 6 | Loss: 9.8505
	 Epoch 7 | Loss: 9.8915
	 Epoch 8 | Loss: 9.6307
	 Epoch 9 | Loss: 9.6202
	 Epoch 10 | Loss: 9.3759
	 Epoch 11 | Loss: 9.3006
	 Epoch 12 | Loss: 9.5962
	 Epoch 13 | Loss: 9.4230
	 Epoch 14 | Loss: 9.1877
	 Epoch 15 | Loss: 9.5064
	 Epoch 16 | Loss: 9.3992
	 Epoch 17 | Loss: 9.3262
	 Epoch 18 | Loss: 9.2164
	 Epoch 19 | Loss: 9.1269
	 Epoch 20 | Loss: 9.4022
	 Epoch 21 | Loss: 9.1107
	 Epoch 22 | Loss: 9.2710
	 Epoch 23 | Loss: 9.4304
	 Epoch 24 | Loss: 9.1498
	 Epoch 25 | Loss: 9.0774
	 Epoch 26 | Loss: 9.1248
	 Epoch 27 | Loss: 9.2431
	 Epoch 28 | Loss: 9.1271
	 Epoch 29 | Loss: 9.0465
	 Epoch 30 | Loss: 9.2845
	 Epoch 31 | Loss: 9.1017
	 Epoch 32 | Loss: 8.9229
	 Epoch 33 | Loss: 9.0965
	 Epoch 34 | Loss: 9.1588
	 Epoch 35 | Loss: 9.1861
	 Epoch 36 | Loss: 9.1759
	 Epoch 37 | Loss: 8.9161
	 Epoch 38 | Loss: 9.1855
	 Epoch 39 | Loss: 9.1352
	 Epoch 40 | Loss: 9.2330
	 Epoch 41 | Loss: 8.7314
	 Epoch 42 | Loss: 8.9308
	 Epoch 43 | Loss: 8.7244
	 Epoch 44 | Loss: 8.8928
	 Epoch 45 | Loss: 8.6941
	 Epoch 46 | Loss: 9.1747
	 Epoch 47 | Loss: 9.1775
	 Epoch 48 | Loss: 9.0495
	 Epoch 49 | Loss: 8.8370
	 Epoch 50 | Loss: 8.6684
	 Epoch 51 | Loss: 8.6515
	 Epoch 52 | Loss: 9.1298
	 Epoch 53 | Loss: 8.6111
	 Epoch 54 | Loss: 8.7144
	 Epoch 55 | Loss: 8.6076
	 Epoch 56 | Loss: 8.9219
	 Epoch 57 | Loss: 8.5669
	 Epoch 58 | Loss: 9.0699
	 Epoch 59 | Loss: 8.6345
	 Epoch 60 | Loss: 8.6962
	 Epoch 61 | Loss: 8.5910
	 Epoch 62 | Loss: 8.8002
	 Epoch 63 | Loss: 8.7883
	 Epoch 64 | Loss: 8.4557
	 Epoch 65 | Loss: 8.9084
	 Epoch 66 | Loss: 8.5759
	 Epoch 67 | Loss: 8.6268
	 Epoch 68 | Loss: 8.2743
	 Epoch 69 | Loss: 8.6435
	 Epoch 70 | Loss: 8.7872
	 Epoch 71 | Loss: 8.5788
	 Epoch 72 | Loss: 9.0593
	 Epoch 73 | Loss: 8.3390
	 Epoch 74 | Loss: 8.4825
	 Epoch 75 | Loss: 8.5938
	 Epoch 76 | Loss: 8.5433
	 Epoch 77 | Loss: 8.6581
	 Epoch 78 | Loss: 8.7533
	 Epoch 79 | Loss: 8.5006
	 Epoch 80 | Loss: 8.4380
	 Epoch 81 | Loss: 8.6324
	 Epoch 82 | Loss: 8.4129
	 Epoch 83 | Loss: 8.3965
	 Epoch 84 | Loss: 8.6095
	 Epoch 85 | Loss: 8.4854
	 Epoch 86 | Loss: 8.1371
	 Epoch 87 | Loss: 8.8636
	 Epoch 88 | Loss: 8.3796
	 Epoch 89 | Loss: 8.1658
	 Epoch 90 | Loss: 8.2202
	 Epoch 91 | Loss: 8.0750
	 Epoch 92 | Loss: 8.3391
	 Epoch 93 | Loss: 8.6203
	 Epoch 94 | Loss: 8.0521
	 Epoch 95 | Loss: 8.2846
	 Epoch 96 | Loss: 8.2213
	 Epoch 97 | Loss: 8.2751
	 Epoch 98 | Loss: 8.2404
	 Epoch 99 | Loss: 8.2803
	 Epoch 100 | Loss: 8.3110
	 Epoch 101 | Loss: 8.1387
	 Epoch 102 | Loss: 8.0907
	 Epoch 103 | Loss: 7.7068
	 Epoch 104 | Loss: 8.2391
	 Epoch 105 | Loss: 8.2478
	 Epoch 106 | Loss: 8.3901
	 Epoch 107 | Loss: 8.6286
	 Epoch 108 | Loss: 8.2854
	 Epoch 109 | Loss: 8.1920
	 Epoch 110 | Loss: 8.2864
	 Epoch 111 | Loss: 7.9923
	 Epoch 112 | Loss: 7.9917
	 Epoch 113 | Loss: 8.1222
	 Epoch 114 | Loss: 7.9718
	 Epoch 115 | Loss: 8.0760
	 Epoch 116 | Loss: 8.0900
	 Epoch 117 | Loss: 8.0142
	 Epoch 118 | Loss: 7.9342
	 Epoch 119 | Loss: 7.9748
	 Epoch 120 | Loss: 8.4374
	 Epoch 121 | Loss: 8.2416
	 Epoch 122 | Loss: 8.2121
	 Epoch 123 | Loss: 8.3414
	 Epoch 124 | Loss: 8.4189
	 Epoch 125 | Loss: 8.2756
	 Epoch 126 | Loss: 8.0605
	 Epoch 127 | Loss: 8.2246
	 Epoch 128 | Loss: 7.7456
	 Epoch 129 | Loss: 8.1631
	 Epoch 130 | Loss: 7.7958
	 Epoch 131 | Loss: 8.2206
	 Epoch 132 | Loss: 8.0611
	 Epoch 133 | Loss: 7.8857
	 Epoch 134 | Loss: 8.0969
	 Epoch 135 | Loss: 8.3341
	 Epoch 136 | Loss: 7.7384
	 Epoch 137 | Loss: 8.1826
	 Epoch 138 | Loss: 7.8743
	 Epoch 139 | Loss: 8.0607
	 Epoch 140 | Loss: 8.3833
	 Epoch 141 | Loss: 7.9520
	 Epoch 142 | Loss: 7.9682
	 Epoch 143 | Loss: 8.0133
	 Epoch 144 | Loss: 8.0799
	 Epoch 145 | Loss: 8.1953
	 Epoch 146 | Loss: 8.1189
	 Epoch 147 | Loss: 7.8442
	 Epoch 148 | Loss: 7.9787
	 Epoch 149 | Loss: 8.1727
	 Epoch 150 | Loss: 8.0527
	 Epoch 151 | Loss: 7.7497
	 Epoch 152 | Loss: 7.8912
	 Epoch 153 | Loss: 7.1353
	 Epoch 154 | Loss: 8.0248
	 Epoch 155 | Loss: 8.1216
	 Epoch 156 | Loss: 7.6236
	 Epoch 157 | Loss: 7.6738
	 Epoch 158 | Loss: 7.9169
	 Epoch 159 | Loss: 7.7369
	 Epoch 160 | Loss: 7.9294
	 Epoch 161 | Loss: 7.9244
	 Epoch 162 | Loss: 7.8781
	 Epoch 163 | Loss: 6.7402
	 Epoch 164 | Loss: 7.8308
	 Epoch 165 | Loss: 7.9759
	 Epoch 166 | Loss: 7.8289
	 Epoch 167 | Loss: 7.9756
	 Epoch 168 | Loss: 8.0666
	 Epoch 169 | Loss: 7.9205
	 Epoch 170 | Loss: 7.5863
	 Epoch 171 | Loss: 7.9823
	 Epoch 172 | Loss: 7.6437
	 Epoch 173 | Loss: 7.6316
	 Epoch 174 | Loss: 7.3917
	 Epoch 175 | Loss: 7.8884
	 Epoch 176 | Loss: 7.2419
	 Epoch 177 | Loss: 7.5391
	 Epoch 178 | Loss: 7.5948
	 Epoch 179 | Loss: 7.8086
	 Epoch 180 | Loss: 7.4649
	 Epoch 181 | Loss: 7.9565
	 Epoch 182 | Loss: 7.6176
	 Epoch 183 | Loss: 7.7948
	 Epoch 184 | Loss: 7.6560
	 Epoch 185 | Loss: 7.8002
	 Epoch 186 | Loss: 6.8564
	 Epoch 187 | Loss: 7.5476
	 Epoch 188 | Loss: 7.9970
	 Epoch 189 | Loss: 7.8311
	 Epoch 190 | Loss: 7.8748
	 Epoch 191 | Loss: 8.3027
	 Epoch 192 | Loss: 8.2896
	 Epoch 193 | Loss: 7.1229
	 Epoch 194 | Loss: 7.7624
	 Epoch 195 | Loss: 8.0155
	 Epoch 196 | Loss: 7.3164
	 Epoch 197 | Loss: 8.1750
	 Epoch 198 | Loss: 7.1546
	 Epoch 199 | Loss: 8.0566
	 Epoch 200 | Loss: 7.7524
	 Epoch 201 | Loss: 7.6771
	 Epoch 202 | Loss: 7.7954
	 Epoch 203 | Loss: 7.4578
	 Epoch 204 | Loss: 8.2946
	 Epoch 205 | Loss: 7.9817
	 Epoch 206 | Loss: 7.6341
	 Epoch 207 | Loss: 7.4600
	 Epoch 208 | Loss: 7.9550
	 Epoch 209 | Loss: 7.6637
	 Epoch 210 | Loss: 7.8404
	 Epoch 211 | Loss: 7.5135
	 Epoch 212 | Loss: 7.7854
	 Epoch 213 | Loss: 7.7426
	 Epoch 214 | Loss: 7.4077
	 Epoch 215 | Loss: 7.8055
	 Epoch 216 | Loss: 8.2259
	 Epoch 217 | Loss: 7.2862
	 Epoch 218 | Loss: 7.5263
	 Epoch 219 | Loss: 7.4547
	 Epoch 220 | Loss: 7.9180
	 Epoch 221 | Loss: 7.4477
	 Epoch 222 | Loss: 7.6525
	 Epoch 223 | Loss: 7.7780
	 Epoch 224 | Loss: 8.0597
	 Epoch 225 | Loss: 7.5479
	 Epoch 226 | Loss: 7.4908
	 Epoch 227 | Loss: 7.4755
	 Epoch 228 | Loss: 7.4986
	 Epoch 229 | Loss: 7.7365
	 Epoch 230 | Loss: 7.5228
	 Epoch 231 | Loss: 7.7354
	 Epoch 232 | Loss: 7.3372
	 Epoch 233 | Loss: 7.6860
	 Epoch 234 | Loss: 7.7656
	 Epoch 235 | Loss: 7.5647
	 Epoch 236 | Loss: 7.8103
	 Epoch 237 | Loss: 7.4516
	 Epoch 238 | Loss: 7.5869
	 Epoch 239 | Loss: 7.6942
	 Epoch 240 | Loss: 7.8181
	 Epoch 241 | Loss: 7.6434
	 Epoch 242 | Loss: 7.1758
	 Epoch 243 | Loss: 7.4980
	 Epoch 244 | Loss: 7.5406
	 Epoch 245 | Loss: 7.7511
	 Epoch 246 | Loss: 7.3081
	 Epoch 247 | Loss: 7.3109
	 Epoch 248 | Loss: 7.1701
	 Epoch 249 | Loss: 7.5848
	 Epoch 250 | Loss: 7.2573
	 Epoch 251 | Loss: 7.8059
	 Epoch 252 | Loss: 6.7830
	 Epoch 253 | Loss: 7.0552
	 Epoch 254 | Loss: 7.1752
	 Epoch 255 | Loss: 7.1861
	 Epoch 256 | Loss: 7.5164
	 Epoch 257 | Loss: 7.3009
	 Epoch 258 | Loss: 7.5519
	 Epoch 259 | Loss: 7.5440
	 Epoch 260 | Loss: 7.1221
	 Epoch 261 | Loss: 7.5443
	 Epoch 262 | Loss: 7.4974
	 Epoch 263 | Loss: 7.7637
	 Epoch 264 | Loss: 7.5470
	 Epoch 265 | Loss: 7.6057
	 Epoch 266 | Loss: 7.2099
	 Epoch 267 | Loss: 7.8386
	 Epoch 268 | Loss: 7.4531
	 Epoch 269 | Loss: 7.2748
	 Epoch 270 | Loss: 7.5649
	 Epoch 271 | Loss: 8.1325
	 Epoch 272 | Loss: 7.3642
	 Epoch 273 | Loss: 7.5400
	 Epoch 274 | Loss: 7.6574
	 Epoch 275 | Loss: 7.6170
	 Epoch 276 | Loss: 7.6211
	 Epoch 277 | Loss: 7.1653
	 Epoch 278 | Loss: 7.8713
	 Epoch 279 | Loss: 7.6883
	 Epoch 280 | Loss: 7.2374
	 Epoch 281 | Loss: 7.1487
	 Epoch 282 | Loss: 7.3596
	 Epoch 283 | Loss: 7.5567
	 Epoch 284 | Loss: 7.1945
	 Epoch 285 | Loss: 7.6052
	 Epoch 286 | Loss: 7.4645
	 Epoch 287 | Loss: 7.6742
	 Epoch 288 | Loss: 7.2390
	 Epoch 289 | Loss: 7.5926
	 Epoch 290 | Loss: 7.4571
	 Epoch 291 | Loss: 7.2944
	 Epoch 292 | Loss: 7.2693
	 Epoch 293 | Loss: 7.0491
	 Epoch 294 | Loss: 6.9787
	 Epoch 295 | Loss: 7.3796
	 Epoch 296 | Loss: 6.9315
	 Epoch 297 | Loss: 6.6012
	 Epoch 298 | Loss: 7.0967
	 Epoch 299 | Loss: 7.5792
	 Epoch 300 | Loss: 7.3037
	 Epoch 301 | Loss: 8.0322
	 Epoch 302 | Loss: 7.2601
	 Epoch 303 | Loss: 7.4455
	 Epoch 304 | Loss: 7.2337
	 Epoch 305 | Loss: 7.7975
	 Epoch 306 | Loss: 7.5146
	 Epoch 307 | Loss: 7.3284
	 Epoch 308 | Loss: 7.4844
	 Epoch 309 | Loss: 7.0057
	 Epoch 310 | Loss: 7.3250
	 Epoch 311 | Loss: 7.4343
	 Epoch 312 | Loss: 7.9208
	 Epoch 313 | Loss: 6.9459
	 Epoch 314 | Loss: 7.5357
	 Epoch 315 | Loss: 7.5570
	 Epoch 316 | Loss: 7.2494
	 Epoch 317 | Loss: 7.0795
	 Epoch 318 | Loss: 6.7389
	 Epoch 319 | Loss: 7.0203
	 Epoch 320 | Loss: 7.2236
	 Epoch 321 | Loss: 7.5266
	 Epoch 322 | Loss: 7.5567
	 Epoch 323 | Loss: 7.5195
	 Epoch 324 | Loss: 7.1913
	 Epoch 325 | Loss: 7.0523
	 Epoch 326 | Loss: 7.5654
	 Epoch 327 | Loss: 6.9007
	 Epoch 328 | Loss: 7.8082
	 Epoch 329 | Loss: 7.1708
	 Epoch 330 | Loss: 7.5696
	 Epoch 331 | Loss: 7.3126
	 Epoch 332 | Loss: 7.1025
	 Epoch 333 | Loss: 7.0821
	 Epoch 334 | Loss: 7.2483
	 Epoch 335 | Loss: 6.9070
	 Epoch 336 | Loss: 6.7865
	 Epoch 337 | Loss: 7.3316
	 Epoch 338 | Loss: 7.9609
	 Epoch 339 | Loss: 7.1495
	 Epoch 340 | Loss: 7.2595
	 Epoch 341 | Loss: 7.3750
	 Epoch 342 | Loss: 7.5639
	 Epoch 343 | Loss: 7.4253
	 Epoch 344 | Loss: 7.6108
	 Epoch 345 | Loss: 7.5128
	 Epoch 346 | Loss: 7.3406
	 Epoch 347 | Loss: 7.7558
	 Epoch 348 | Loss: 7.4024
	 Epoch 349 | Loss: 7.6980
	 Epoch 350 | Loss: 7.6473
	 Epoch 351 | Loss: 7.4909
	 Epoch 352 | Loss: 7.0597
	 Epoch 353 | Loss: 7.3467
	 Epoch 354 | Loss: 7.1975
	 Epoch 355 | Loss: 7.4537
	 Epoch 356 | Loss: 7.7550
	 Epoch 357 | Loss: 7.6711
	 Epoch 358 | Loss: 7.6866
	 Epoch 359 | Loss: 7.4879
	 Epoch 360 | Loss: 6.9419
	 Epoch 361 | Loss: 7.3143
	 Epoch 362 | Loss: 7.4995
	 Epoch 363 | Loss: 6.5296
	 Epoch 364 | Loss: 7.3632
	 Epoch 365 | Loss: 7.1042
	 Epoch 366 | Loss: 6.6748
	 Epoch 367 | Loss: 6.6718
	 Epoch 368 | Loss: 7.4604
	 Epoch 369 | Loss: 7.5883
	 Epoch 370 | Loss: 7.0827
	 Epoch 371 | Loss: 7.2281
	 Epoch 372 | Loss: 7.3415
	 Epoch 373 | Loss: 6.8037
	 Epoch 374 | Loss: 7.5478
	 Epoch 375 | Loss: 7.3901
	 Epoch 376 | Loss: 7.7666
	 Epoch 377 | Loss: 7.2655
	 Epoch 378 | Loss: 7.4341
	 Epoch 379 | Loss: 7.5118
	 Epoch 380 | Loss: 6.3657
	 Epoch 381 | Loss: 7.0638
	 Epoch 382 | Loss: 7.2873
	 Epoch 383 | Loss: 7.5586
	 Epoch 384 | Loss: 7.6391
	 Epoch 385 | Loss: 7.5755
	 Epoch 386 | Loss: 7.4553
	 Epoch 387 | Loss: 6.8066
	 Epoch 388 | Loss: 7.6576
	 Epoch 389 | Loss: 6.7982
	 Epoch 390 | Loss: 7.1454
	 Epoch 391 | Loss: 7.1209
	 Epoch 392 | Loss: 7.0183
	 Epoch 393 | Loss: 6.6814
	 Epoch 394 | Loss: 7.0784
	 Epoch 395 | Loss: 6.4126
	 Epoch 396 | Loss: 7.3469
	 Epoch 397 | Loss: 7.8195
	 Epoch 398 | Loss: 7.5210
	 Epoch 399 | Loss: 6.8459
	 Epoch 400 | Loss: 7.8527
	 Epoch 401 | Loss: 7.0682
	 Epoch 402 | Loss: 7.7596
	 Epoch 403 | Loss: 7.4350
	 Epoch 404 | Loss: 6.9871
	 Epoch 405 | Loss: 7.1257
	 Epoch 406 | Loss: 7.3272
	 Epoch 407 | Loss: 7.6168
	 Epoch 408 | Loss: 7.4784
	 Epoch 409 | Loss: 6.9271
	 Epoch 410 | Loss: 7.6337
	 Epoch 411 | Loss: 7.2227
	 Epoch 412 | Loss: 7.0741
	 Epoch 413 | Loss: 7.0512
	 Epoch 414 | Loss: 7.4504
	 Epoch 415 | Loss: 6.9119
	 Epoch 416 | Loss: 7.3395
	 Epoch 417 | Loss: 7.2400
	 Epoch 418 | Loss: 6.7920
	 Epoch 419 | Loss: 7.5391
	 Epoch 420 | Loss: 7.2681
	 Epoch 421 | Loss: 6.9321
	 Epoch 422 | Loss: 6.8727
	 Epoch 423 | Loss: 7.2473
	 Epoch 424 | Loss: 7.4278
	 Epoch 425 | Loss: 7.4543
	 Epoch 426 | Loss: 6.9229
	 Epoch 427 | Loss: 7.3066
	 Epoch 428 | Loss: 7.1039
	 Epoch 429 | Loss: 6.7310
	 Epoch 430 | Loss: 7.3224
	 Epoch 431 | Loss: 7.4512
	 Epoch 432 | Loss: 7.5094
	 Epoch 433 | Loss: 7.6122
	 Epoch 434 | Loss: 7.3692
	 Epoch 435 | Loss: 7.0728
	 Epoch 436 | Loss: 6.9337
	 Epoch 437 | Loss: 7.0671
	 Epoch 438 | Loss: 7.1417
	 Epoch 439 | Loss: 6.7684
	 Epoch 440 | Loss: 7.7259
	 Epoch 441 | Loss: 7.2459
	 Epoch 442 | Loss: 6.4550
	 Epoch 443 | Loss: 6.6662
	 Epoch 444 | Loss: 7.1074
	 Epoch 445 | Loss: 7.4224
	 Epoch 446 | Loss: 7.7599
	 Epoch 447 | Loss: 6.7760
	 Epoch 448 | Loss: 7.3343
	 Epoch 449 | Loss: 7.5089
	 Epoch 450 | Loss: 8.1646
	 Epoch 451 | Loss: 7.2956
	 Epoch 452 | Loss: 6.8885
	 Epoch 453 | Loss: 7.4136
	 Epoch 454 | Loss: 7.1255
	 Epoch 455 | Loss: 6.7739
	 Epoch 456 | Loss: 7.1806
	 Epoch 457 | Loss: 6.8640
	 Epoch 458 | Loss: 7.0954
	 Epoch 459 | Loss: 7.2556
	 Epoch 460 | Loss: 7.0145
	 Epoch 461 | Loss: 7.0571
	 Epoch 462 | Loss: 7.0202
	 Epoch 463 | Loss: 6.9298
	 Epoch 464 | Loss: 7.4767
	 Epoch 465 | Loss: 7.0926
	 Epoch 466 | Loss: 7.1787
	 Epoch 467 | Loss: 6.9297
	 Epoch 468 | Loss: 7.3707
	 Epoch 469 | Loss: 6.6630
	 Epoch 470 | Loss: 6.9665
	 Epoch 471 | Loss: 6.6748
	 Epoch 472 | Loss: 7.0065
	 Epoch 473 | Loss: 7.4235
	 Epoch 474 | Loss: 7.0843
	 Epoch 475 | Loss: 7.5331
	 Epoch 476 | Loss: 7.5812
	 Epoch 477 | Loss: 6.9660
	 Epoch 478 | Loss: 7.0782
	 Epoch 479 | Loss: 7.2892
	 Epoch 480 | Loss: 7.6420
	 Epoch 481 | Loss: 7.1021
	 Epoch 482 | Loss: 7.4150
	 Epoch 483 | Loss: 7.2879
	 Epoch 484 | Loss: 7.1776
	 Epoch 485 | Loss: 7.1111
	 Epoch 486 | Loss: 7.0456
	 Epoch 487 | Loss: 6.9737
	 Epoch 488 | Loss: 6.9799
	 Epoch 489 | Loss: 7.4244
	 Epoch 490 | Loss: 7.1359
	 Epoch 491 | Loss: 6.4942
	 Epoch 492 | Loss: 7.6446
	 Epoch 493 | Loss: 7.5379
	 Epoch 494 | Loss: 7.3049
	 Epoch 495 | Loss: 7.8687
	 Epoch 496 | Loss: 7.2361
	 Epoch 497 | Loss: 7.1553
	 Epoch 498 | Loss: 7.4098
	 Epoch 499 | Loss: 6.8972
	 Epoch 500 | Loss: 7.0392
	 Epoch 501 | Loss: 7.3291
	 Epoch 502 | Loss: 7.5854
	 Epoch 503 | Loss: 6.9684
	 Epoch 504 | Loss: 7.6042
	 Epoch 505 | Loss: 6.9717
	 Epoch 506 | Loss: 6.9929
	 Epoch 507 | Loss: 6.8689
	 Epoch 508 | Loss: 7.1911
	 Epoch 509 | Loss: 6.8486
	 Epoch 510 | Loss: 6.5607
	 Epoch 511 | Loss: 7.5906
	 Epoch 512 | Loss: 6.7964
	 Epoch 513 | Loss: 6.9352
	 Epoch 514 | Loss: 7.5671
	 Epoch 515 | Loss: 6.3122
	 Epoch 516 | Loss: 7.4270
	 Epoch 517 | Loss: 7.1680
	 Epoch 518 | Loss: 7.8794
	 Epoch 519 | Loss: 7.4036
	 Epoch 520 | Loss: 6.9972
	 Epoch 521 | Loss: 7.0659
	 Epoch 522 | Loss: 7.1241
	 Epoch 523 | Loss: 7.0615
	 Epoch 524 | Loss: 6.9357
	 Epoch 525 | Loss: 7.1880
	 Epoch 526 | Loss: 6.9103
	 Epoch 527 | Loss: 7.2288
	 Epoch 528 | Loss: 7.1909
	 Epoch 529 | Loss: 6.7676
	 Epoch 530 | Loss: 6.4646
	 Epoch 531 | Loss: 7.1874
	 Epoch 532 | Loss: 7.2457
	 Epoch 533 | Loss: 6.4564
	 Epoch 534 | Loss: 7.2123
	 Epoch 535 | Loss: 6.8971
	 Epoch 536 | Loss: 6.8425
	 Epoch 537 | Loss: 7.1022
	 Epoch 538 | Loss: 7.0064
	 Epoch 539 | Loss: 7.5965
	 Epoch 540 | Loss: 7.0649
	 Epoch 541 | Loss: 7.0321
	 Epoch 542 | Loss: 6.9707
	 Epoch 543 | Loss: 6.9801
	 Epoch 544 | Loss: 6.9065
	 Epoch 545 | Loss: 7.0181
	 Epoch 546 | Loss: 7.1119
	 Epoch 547 | Loss: 7.4795
	 Epoch 548 | Loss: 6.7441
	 Epoch 549 | Loss: 7.5613
	 Epoch 550 | Loss: 7.8673
	 Epoch 551 | Loss: 6.6324
	 Epoch 552 | Loss: 7.6211
	 Epoch 553 | Loss: 7.6126
	 Epoch 554 | Loss: 7.1061
	 Epoch 555 | Loss: 7.4629
	 Epoch 556 | Loss: 7.2737
	 Epoch 557 | Loss: 7.3028
	 Epoch 558 | Loss: 7.1857
	 Epoch 559 | Loss: 7.7116
	 Epoch 560 | Loss: 7.2819
	 Epoch 561 | Loss: 7.4849
	 Epoch 562 | Loss: 7.4450
	 Epoch 563 | Loss: 7.2827
	 Epoch 564 | Loss: 7.2627
	 Epoch 565 | Loss: 7.5991
	 Epoch 566 | Loss: 7.5003
	 Epoch 567 | Loss: 6.6407
	 Epoch 568 | Loss: 7.4337
	 Epoch 569 | Loss: 7.2779
	 Epoch 570 | Loss: 7.3738
	 Epoch 571 | Loss: 6.6929
	 Epoch 572 | Loss: 7.0010
	 Epoch 573 | Loss: 7.0367
	 Epoch 574 | Loss: 6.6673
	 Epoch 575 | Loss: 7.4163
	 Epoch 576 | Loss: 7.2802
	 Epoch 577 | Loss: 7.4342
	 Epoch 578 | Loss: 7.4375
	 Epoch 579 | Loss: 7.5343
	 Epoch 580 | Loss: 7.2454
	 Epoch 581 | Loss: 6.8469
	 Epoch 582 | Loss: 7.0546
	 Epoch 583 | Loss: 7.1324
	 Epoch 584 | Loss: 7.1095
	 Epoch 585 | Loss: 7.2230
	 Epoch 586 | Loss: 7.1226
	 Epoch 587 | Loss: 7.3717
	 Epoch 588 | Loss: 7.3929
	 Epoch 589 | Loss: 6.8330
	 Epoch 590 | Loss: 6.6469
	 Epoch 591 | Loss: 7.4813
	 Epoch 592 | Loss: 6.8498
	 Epoch 593 | Loss: 6.8028
	 Epoch 594 | Loss: 7.3934
	 Epoch 595 | Loss: 6.9427
	 Epoch 596 | Loss: 6.8141
	 Epoch 597 | Loss: 6.9995
	 Epoch 598 | Loss: 6.8660
	 Epoch 599 | Loss: 7.3156
	 Epoch 600 | Loss: 7.7727
	 Epoch 601 | Loss: 7.0852
	 Epoch 602 | Loss: 6.9406
	 Epoch 603 | Loss: 7.1309
	 Epoch 604 | Loss: 7.4945
	 Epoch 605 | Loss: 7.3457
	 Epoch 606 | Loss: 7.1115
	 Epoch 607 | Loss: 6.9673
	 Epoch 608 | Loss: 7.0023
	 Epoch 609 | Loss: 7.3986
	 Epoch 610 | Loss: 7.2986
	 Epoch 611 | Loss: 7.4967
	 Epoch 612 | Loss: 6.8192
	 Epoch 613 | Loss: 6.7223
	 Epoch 614 | Loss: 7.4515
	 Epoch 615 | Loss: 7.0748
	 Epoch 616 | Loss: 7.3270
	 Epoch 617 | Loss: 6.8647
	 Epoch 618 | Loss: 6.9493
	 Epoch 619 | Loss: 7.6337
	 Epoch 620 | Loss: 7.1926
	 Epoch 621 | Loss: 7.2362
	 Epoch 622 | Loss: 6.9834
	 Epoch 623 | Loss: 7.3627
	 Epoch 624 | Loss: 7.2319
	 Epoch 625 | Loss: 7.2118
	 Epoch 626 | Loss: 7.6026
	 Epoch 627 | Loss: 6.8018
	 Epoch 628 | Loss: 7.5025
	 Epoch 629 | Loss: 7.7156
	 Epoch 630 | Loss: 7.8391
	 Epoch 631 | Loss: 7.0568
	 Epoch 632 | Loss: 7.3032
	 Epoch 633 | Loss: 7.1361
	 Epoch 634 | Loss: 7.2732
	 Epoch 635 | Loss: 7.1360
	 Epoch 636 | Loss: 6.8748
	 Epoch 637 | Loss: 7.4251
	 Epoch 638 | Loss: 7.0296
	 Epoch 639 | Loss: 7.4853
	 Epoch 640 | Loss: 7.1101
	 Epoch 641 | Loss: 7.7320
	 Epoch 642 | Loss: 7.3868
	 Epoch 643 | Loss: 7.6762
	 Epoch 644 | Loss: 7.2168
	 Epoch 645 | Loss: 7.3792
	 Epoch 646 | Loss: 7.2065
	 Epoch 647 | Loss: 7.4174
	 Epoch 648 | Loss: 7.8226
	 Epoch 649 | Loss: 7.1859
	 Epoch 650 | Loss: 6.9410
	 Epoch 651 | Loss: 7.2907
	 Epoch 652 | Loss: 7.2137
	 Epoch 653 | Loss: 6.4425
	 Epoch 654 | Loss: 8.0870
	 Epoch 655 | Loss: 7.3870
	 Epoch 656 | Loss: 6.9993
	 Epoch 657 | Loss: 7.4047
	 Epoch 658 | Loss: 7.1870
	 Epoch 659 | Loss: 7.7748
	 Epoch 660 | Loss: 7.4643
	 Epoch 661 | Loss: 6.4740
	 Epoch 662 | Loss: 7.1969
	 Epoch 663 | Loss: 7.2089
	 Epoch 664 | Loss: 6.9815
	 Epoch 665 | Loss: 7.4588
	 Epoch 666 | Loss: 7.5598
	 Epoch 667 | Loss: 7.3589
	 Epoch 668 | Loss: 6.9332
	 Epoch 669 | Loss: 7.4051
	 Epoch 670 | Loss: 7.6137
	 Epoch 671 | Loss: 6.9925
	 Epoch 672 | Loss: 6.9914
	 Epoch 673 | Loss: 7.3756
	 Epoch 674 | Loss: 7.5583
	 Epoch 675 | Loss: 6.9062
	 Epoch 676 | Loss: 7.4398
	 Epoch 677 | Loss: 6.5564
	 Epoch 678 | Loss: 7.4111
	 Epoch 679 | Loss: 7.3150
	 Epoch 680 | Loss: 6.9865
	 Epoch 681 | Loss: 7.1655
	 Epoch 682 | Loss: 6.7630
	 Epoch 683 | Loss: 7.1814
	 Epoch 684 | Loss: 7.5746
	 Epoch 685 | Loss: 7.0261
	 Epoch 686 | Loss: 7.0246
	 Epoch 687 | Loss: 7.0715
	 Epoch 688 | Loss: 7.0662
	 Epoch 689 | Loss: 7.1491
	 Epoch 690 | Loss: 6.7464
	 Epoch 691 | Loss: 7.6004
	 Epoch 692 | Loss: 6.8720
	 Epoch 693 | Loss: 6.8712
	 Epoch 694 | Loss: 7.1594
	 Epoch 695 | Loss: 7.1414
	 Epoch 696 | Loss: 7.3130
	 Epoch 697 | Loss: 7.1030
	 Epoch 698 | Loss: 6.8433
	 Epoch 699 | Loss: 7.3941
	 Epoch 700 | Loss: 6.8666
	 Epoch 701 | Loss: 7.4280
	 Epoch 702 | Loss: 6.9193
	 Epoch 703 | Loss: 6.7765
	 Epoch 704 | Loss: 7.4811
	 Epoch 705 | Loss: 6.9601
	 Epoch 706 | Loss: 6.8441
	 Epoch 707 | Loss: 7.3276
	 Epoch 708 | Loss: 7.3716
	 Epoch 709 | Loss: 7.4159
	 Epoch 710 | Loss: 6.9290
	 Epoch 711 | Loss: 7.1862
	 Epoch 712 | Loss: 7.0324
	 Epoch 713 | Loss: 7.4037
	 Epoch 714 | Loss: 7.6593
	 Epoch 715 | Loss: 7.2999
	 Epoch 716 | Loss: 7.7296
	 Epoch 717 | Loss: 7.4042
	 Epoch 718 | Loss: 7.3047
	 Epoch 719 | Loss: 7.4066
	 Epoch 720 | Loss: 6.7723
	 Epoch 721 | Loss: 6.7223
	 Epoch 722 | Loss: 6.5307
	 Epoch 723 | Loss: 7.8607
	 Epoch 724 | Loss: 7.5548
	 Epoch 725 | Loss: 6.4700
	 Epoch 726 | Loss: 6.7613
	 Epoch 727 | Loss: 7.0354
	 Epoch 728 | Loss: 6.9927
	 Epoch 729 | Loss: 6.9023
	 Epoch 730 | Loss: 7.0031
	 Epoch 731 | Loss: 7.1499
	 Epoch 732 | Loss: 7.2871
	 Epoch 733 | Loss: 7.2030
	 Epoch 734 | Loss: 6.9537
	 Epoch 735 | Loss: 7.3924
	 Epoch 736 | Loss: 7.1829
	 Epoch 737 | Loss: 7.2635
	 Epoch 738 | Loss: 7.3334
	 Epoch 739 | Loss: 6.7688
	 Epoch 740 | Loss: 7.0438
	 Epoch 741 | Loss: 7.0229
	 Epoch 742 | Loss: 7.0471
	 Epoch 743 | Loss: 7.1016
	 Epoch 744 | Loss: 7.1819
	 Epoch 745 | Loss: 6.4244
	 Epoch 746 | Loss: 7.2047
	 Epoch 747 | Loss: 7.2068
	 Epoch 748 | Loss: 6.9138
	 Epoch 749 | Loss: 7.1113
	 Epoch 750 | Loss: 7.0149
	 Epoch 751 | Loss: 7.2857
	 Epoch 752 | Loss: 6.9744
	 Epoch 753 | Loss: 7.3158
	 Epoch 754 | Loss: 7.1791
	 Epoch 755 | Loss: 6.7941
	 Epoch 756 | Loss: 7.1024
	 Epoch 757 | Loss: 6.9834
	 Epoch 758 | Loss: 7.5548
	 Epoch 759 | Loss: 7.3165
	 Epoch 760 | Loss: 6.9735
	 Epoch 761 | Loss: 7.0654
	 Epoch 762 | Loss: 6.3810
	 Epoch 763 | Loss: 7.3381
	 Epoch 764 | Loss: 7.2974
	 Epoch 765 | Loss: 7.2105
	 Epoch 766 | Loss: 6.7634
	 Epoch 767 | Loss: 7.4768
	 Epoch 768 | Loss: 7.1213
	 Epoch 769 | Loss: 7.3972
	 Epoch 770 | Loss: 6.6009
	 Epoch 771 | Loss: 6.9665
	 Epoch 772 | Loss: 7.1328
	 Epoch 773 | Loss: 7.3332
	 Epoch 774 | Loss: 6.3232
	 Epoch 775 | Loss: 7.2057
	 Epoch 776 | Loss: 6.8819
	 Epoch 777 | Loss: 6.9978
	 Epoch 778 | Loss: 7.1359
	 Epoch 779 | Loss: 7.1344
	 Epoch 780 | Loss: 7.2571
	 Epoch 781 | Loss: 7.7800
	 Epoch 782 | Loss: 7.1834
	 Epoch 783 | Loss: 7.4460
	 Epoch 784 | Loss: 6.7554
	 Epoch 785 | Loss: 7.3573
	 Epoch 786 | Loss: 6.6644
	 Epoch 787 | Loss: 7.0302
	 Epoch 788 | Loss: 6.6721
	 Epoch 789 | Loss: 6.1867
	 Epoch 790 | Loss: 7.0958
	 Epoch 791 | Loss: 7.8187
	 Epoch 792 | Loss: 7.5149
	 Epoch 793 | Loss: 7.4201
	 Epoch 794 | Loss: 6.6727
	 Epoch 795 | Loss: 6.7830
	 Epoch 796 | Loss: 6.5119
	 Epoch 797 | Loss: 7.0781
	 Epoch 798 | Loss: 7.1501
	 Epoch 799 | Loss: 7.4005
	 Epoch 800 | Loss: 6.4484
	 Epoch 801 | Loss: 7.0717
	 Epoch 802 | Loss: 7.7286
	 Epoch 803 | Loss: 6.8471
	 Epoch 804 | Loss: 7.0991
	 Epoch 805 | Loss: 7.0238
	 Epoch 806 | Loss: 6.8012
	 Epoch 807 | Loss: 7.1302
	 Epoch 808 | Loss: 6.9339
	 Epoch 809 | Loss: 6.7087
	 Epoch 810 | Loss: 7.3461
	 Epoch 811 | Loss: 6.6433
	 Epoch 812 | Loss: 6.7724
	 Epoch 813 | Loss: 6.5641
	 Epoch 814 | Loss: 7.2848
	 Epoch 815 | Loss: 7.0560
	 Epoch 816 | Loss: 6.9151
	 Epoch 817 | Loss: 7.2237
	 Epoch 818 | Loss: 6.8640
	 Epoch 819 | Loss: 7.4425
	 Epoch 820 | Loss: 7.2653
	 Epoch 821 | Loss: 7.0297
	 Epoch 822 | Loss: 7.1764
	 Epoch 823 | Loss: 7.2548
	 Epoch 824 | Loss: 7.0041
	 Epoch 825 | Loss: 7.3616
	 Epoch 826 | Loss: 7.3940
	 Epoch 827 | Loss: 7.2294
	 Epoch 828 | Loss: 6.8453
	 Epoch 829 | Loss: 6.4175
	 Epoch 830 | Loss: 6.6267
	 Epoch 831 | Loss: 6.7691
	 Epoch 832 | Loss: 6.6285
	 Epoch 833 | Loss: 6.9610
	 Epoch 834 | Loss: 6.8202
	 Epoch 835 | Loss: 7.1587
	 Epoch 836 | Loss: 7.4840
	 Epoch 837 | Loss: 7.0385
	 Epoch 838 | Loss: 7.1701
	 Epoch 839 | Loss: 7.0815
	 Epoch 840 | Loss: 7.1316
	 Epoch 841 | Loss: 7.1102
	 Epoch 842 | Loss: 7.6200
	 Epoch 843 | Loss: 7.3897
	 Epoch 844 | Loss: 6.9943
	 Epoch 845 | Loss: 6.9638
	 Epoch 846 | Loss: 7.1097
	 Epoch 847 | Loss: 6.9748
	 Epoch 848 | Loss: 7.3435
	 Epoch 849 | Loss: 6.3851
	 Epoch 850 | Loss: 7.4315
	 Epoch 851 | Loss: 6.4150
	 Epoch 852 | Loss: 7.0557
	 Epoch 853 | Loss: 7.0240
	 Epoch 854 | Loss: 6.9801
	 Epoch 855 | Loss: 6.8484
	 Epoch 856 | Loss: 6.5552
	 Epoch 857 | Loss: 7.1695
	 Epoch 858 | Loss: 6.7606
	 Epoch 859 | Loss: 6.7724
	 Epoch 860 | Loss: 6.4771
	 Epoch 861 | Loss: 6.6677
	 Epoch 862 | Loss: 6.8659
	 Epoch 863 | Loss: 7.2791
	 Epoch 864 | Loss: 6.9691
	 Epoch 865 | Loss: 7.0387
	 Epoch 866 | Loss: 6.4766
	 Epoch 867 | Loss: 6.9688
	 Epoch 868 | Loss: 6.8500
	 Epoch 869 | Loss: 6.6054
	 Epoch 870 | Loss: 6.9677
	 Epoch 871 | Loss: 7.0407
	 Epoch 872 | Loss: 6.9687
	 Epoch 873 | Loss: 6.5808
	 Epoch 874 | Loss: 6.8059
	 Epoch 875 | Loss: 7.1668
	 Epoch 876 | Loss: 7.3882
	 Epoch 877 | Loss: 6.8765
	 Epoch 878 | Loss: 7.0164
	 Epoch 879 | Loss: 7.3924
	 Epoch 880 | Loss: 6.8861
	 Epoch 881 | Loss: 7.0492
	 Epoch 882 | Loss: 6.6178
	 Epoch 883 | Loss: 6.8316
	 Epoch 884 | Loss: 7.0815
	 Epoch 885 | Loss: 6.4546
	 Epoch 886 | Loss: 7.1522
	 Epoch 887 | Loss: 6.9218
	 Epoch 888 | Loss: 6.9694
	 Epoch 889 | Loss: 6.8466
	 Epoch 890 | Loss: 7.3549
	 Epoch 891 | Loss: 6.7667
	 Epoch 892 | Loss: 6.7542
	 Epoch 893 | Loss: 6.9556
	 Epoch 894 | Loss: 7.3991
	 Epoch 895 | Loss: 7.3380
	 Epoch 896 | Loss: 6.7843
	 Epoch 897 | Loss: 7.3416
	 Epoch 898 | Loss: 7.2212
	 Epoch 899 | Loss: 6.7987
	 Epoch 900 | Loss: 6.7471
	 Epoch 901 | Loss: 6.7600
	 Epoch 902 | Loss: 6.9513
	 Epoch 903 | Loss: 7.2810
	 Epoch 904 | Loss: 7.0288
	 Epoch 905 | Loss: 6.8360
	 Epoch 906 | Loss: 6.8944
	 Epoch 907 | Loss: 6.8433
	 Epoch 908 | Loss: 7.2918
	 Epoch 909 | Loss: 6.9900
	 Epoch 910 | Loss: 6.7376
	 Epoch 911 | Loss: 7.5651
	 Epoch 912 | Loss: 7.2218
	 Epoch 913 | Loss: 6.6766
	 Epoch 914 | Loss: 6.9893
	 Epoch 915 | Loss: 6.9907
	 Epoch 916 | Loss: 6.7993
	 Epoch 917 | Loss: 7.1372
	 Epoch 918 | Loss: 7.4863
	 Epoch 919 | Loss: 7.3004
	 Epoch 920 | Loss: 6.9429
	 Epoch 921 | Loss: 6.9931
	 Epoch 922 | Loss: 7.0907
	 Epoch 923 | Loss: 6.9670
	 Epoch 924 | Loss: 7.2843
	 Epoch 925 | Loss: 6.8314
	 Epoch 926 | Loss: 7.0618
	 Epoch 927 | Loss: 6.6542
	 Epoch 928 | Loss: 7.1861
	 Epoch 929 | Loss: 6.9966
	 Epoch 930 | Loss: 6.8947
	 Epoch 931 | Loss: 7.1290
	 Epoch 932 | Loss: 7.1850
	 Epoch 933 | Loss: 6.5721
	 Epoch 934 | Loss: 6.9228
	 Epoch 935 | Loss: 6.9168
	 Epoch 936 | Loss: 7.0911
	 Epoch 937 | Loss: 6.5577
	 Epoch 938 | Loss: 6.7715
	 Epoch 939 | Loss: 7.1577
	 Epoch 940 | Loss: 6.8200
	 Epoch 941 | Loss: 7.3805
	 Epoch 942 | Loss: 7.6898
	 Epoch 943 | Loss: 7.3502
	 Epoch 944 | Loss: 7.0595
	 Epoch 945 | Loss: 6.7728
	 Epoch 946 | Loss: 6.3304
	 Epoch 947 | Loss: 6.7566
	 Epoch 948 | Loss: 7.1918
	 Epoch 949 | Loss: 6.9955
	 Epoch 950 | Loss: 7.0254
	 Epoch 951 | Loss: 7.1713
	 Epoch 952 | Loss: 6.7651
	 Epoch 953 | Loss: 6.8785
	 Epoch 954 | Loss: 7.2025
	 Epoch 955 | Loss: 6.9577
	 Epoch 956 | Loss: 7.2141
	 Epoch 957 | Loss: 6.3625
	 Epoch 958 | Loss: 6.4085
	 Epoch 959 | Loss: 6.8840
	 Epoch 960 | Loss: 6.6323
	 Epoch 961 | Loss: 7.3497
	 Epoch 962 | Loss: 6.6685
	 Epoch 963 | Loss: 7.8029
	 Epoch 964 | Loss: 6.6363
	 Epoch 965 | Loss: 7.1505
	 Epoch 966 | Loss: 7.2221
	 Epoch 967 | Loss: 6.5170
	 Epoch 968 | Loss: 7.3014
	 Epoch 969 | Loss: 7.2082
	 Epoch 970 | Loss: 6.7594
	 Epoch 971 | Loss: 7.0940
	 Epoch 972 | Loss: 7.4290
	 Epoch 973 | Loss: 6.7588
	 Epoch 974 | Loss: 6.5905
	 Epoch 975 | Loss: 7.0058
	 Epoch 976 | Loss: 7.2793
	 Epoch 977 | Loss: 6.5228
	 Epoch 978 | Loss: 7.1536
	 Epoch 979 | Loss: 7.2561
	 Epoch 980 | Loss: 6.9923
	 Epoch 981 | Loss: 6.9878
	 Epoch 982 | Loss: 7.1671
	 Epoch 983 | Loss: 7.5778
	 Epoch 984 | Loss: 7.2130
	 Epoch 985 | Loss: 7.0060
	 Epoch 986 | Loss: 7.2164
	 Epoch 987 | Loss: 6.7278
	 Epoch 988 | Loss: 7.2807
	 Epoch 989 | Loss: 7.2810
	 Epoch 990 | Loss: 6.7343
	 Epoch 991 | Loss: 7.2553
	 Epoch 992 | Loss: 7.2382
	 Epoch 993 | Loss: 7.1353
	 Epoch 994 | Loss: 7.0147
	 Epoch 995 | Loss: 6.9709
	 Epoch 996 | Loss: 7.3200
	 Epoch 997 | Loss: 6.4428
	 Epoch 998 | Loss: 7.0425
	 Epoch 999 | Loss: 6.9130
Training finished. Total training time: 77 days, 22:33:24.249600
Beginning validation on 3200 example sentences (approx. 0.02% of available)...
Validation complete. Avg validation loss: 7.026988368034363
Ending: 04/23/24 14:20:05
