Job ID: 5395
Node: node002 echo Starting: 04/28/24 16:10:08
aknichols
Invalid -W option ignored: invalid action: 'Ignore'
Fetching hyperparameters...
	 epochs: 50000
	 test_epochs: 100
	 batch_size: 32
	 max_sentence_len: 32
	 learning_rate: 2e-05
	 attention_type: custom_with_values
	 DNN_layers: 1
	 architectures: ['BertForMaskedLM']
	 attention_probs_dropout_prob: 0.1
	 classifier_dropout: None
	 gradient_checkpointing: False
	 hidden_act: gelu
	 hidden_dropout_prob: 0.1
	 hidden_size: 768
	 initializer_range: 0.02
	 intermediate_size: 3072
	 layer_norm_eps: 1e-12
	 max_position_embeddings: 512
	 model_type: bert
	 num_attention_heads: 12
	 num_hidden_layers: 12
	 pad_token_id: 0
	 position_embedding_type: absolute
	 transformers_version: 4.36.2
	 type_vocab_size: 2
	 use_cache: True
	 vocab_size: 30522
Loading in data...
Setting device... cuda
Initializing config, model, and optimizer...
config PretrainedConfig {
  "DNN_layers": 1,
  "architectures": [
    "BertForMaskedLM"
  ],
  "attention_probs_dropout_prob": 0.1,
  "attention_type": "custom_with_values",
  "batch_size": 32,
  "classifier_dropout": null,
  "epochs": 50000,
  "gradient_checkpointing": false,
  "hidden_act": "gelu",
  "hidden_dropout_prob": 0.1,
  "hidden_size": 768,
  "initializer_range": 0.02,
  "intermediate_size": 3072,
  "layer_norm_eps": 1e-12,
  "learning_rate": 2e-05,
  "max_position_embeddings": 512,
  "max_sentence_len": 32,
  "num_attention_heads": 12,
  "num_hidden_layers": 12,
  "pad_token_id": 0,
  "position_embedding_type": "absolute",
  "test_epochs": 100,
  "transformers_version": "4.40.0",
  "type_vocab_size": 2,
  "use_cache": true,
  "vocab_size": 30522
}

Initializing tokenizer...
Initializing dataset...
Initializing datacollator...
Initializing dataloader...
Initializing tokenizer...
Initializing dataset...
Initializing datacollator...
Initializing dataloader...
Beginning training on 1600000 example sentences (approx. 9.21% of available)...
/storage/homes/aknichols/DABERT2.0/batching.py:26: UserWarning: To copy construct from a tensor, it is recommended to use sourceTensor.clone().detach() or sourceTensor.clone().detach().requires_grad_(True), rather than torch.tensor(sourceTensor).
  return {key: torch.tensor(val[idx]) for key, val in self.encodings.items()}
	 0% | Epoch 0 | Loss: 10.5066
	 5.0% | Epoch 2500 | Loss: 7.1157
	 10.0% | Epoch 5000 | Loss: 6.7440
	 15.0% | Epoch 7500 | Loss: 6.6439
	 20.0% | Epoch 10000 | Loss: 6.5944
	 25.0% | Epoch 12500 | Loss: 6.5565
	 30.0% | Epoch 15000 | Loss: 6.5328
	 35.0% | Epoch 17500 | Loss: 6.5222
	 40.0% | Epoch 20000 | Loss: 6.5016
	 45.0% | Epoch 22500 | Loss: 6.4885
	 50.0% | Epoch 25000 | Loss: 6.4971
	 55.0% | Epoch 27500 | Loss: 6.4835
	 60.0% | Epoch 30000 | Loss: 6.4721
	 65.0% | Epoch 32500 | Loss: 6.4792
	 70.0% | Epoch 35000 | Loss: 6.4764
	 75.0% | Epoch 37500 | Loss: 6.4704
	 80.0% | Epoch 40000 | Loss: 6.4676
	 85.0% | Epoch 42500 | Loss: 6.4672
	 90.0% | Epoch 45000 | Loss: 6.4631
slurmstepd: error: *** JOB 5395 ON node002 CANCELLED AT 2024-04-29T12:10:12 DUE TO TIME LIMIT ***
