Job ID: 5332
Node: node002 echo Starting: 04/26/24 14:37:09
aballo
Invalid -W option ignored: invalid action: 'Ignore'
Fetching hyperparameters...
	 epochs: 50000
	 test_epochs: 100
	 batch_size: 32
	 max_sentence_len: 32
	 attention_type: custom
	 DNN_layers: 5
	 architectures: ['BertForMaskedLM']
	 attention_probs_dropout_prob: 0.1
	 classifier_dropout: None
	 gradient_checkpointing: False
	 hidden_act: gelu
	 hidden_dropout_prob: 0.1
	 hidden_size: 768
	 initializer_range: 0.02
	 intermediate_size: 3072
	 layer_norm_eps: 1e-12
	 max_position_embeddings: 512
	 model_type: bert
	 num_attention_heads: 12
	 num_hidden_layers: 12
	 pad_token_id: 0
	 position_embedding_type: absolute
	 transformers_version: 4.36.2
	 type_vocab_size: 2
	 use_cache: True
	 vocab_size: 30522
Loading in data...
Setting device... cuda
Initializing config, model, and optimizer...
config PretrainedConfig {
  "DNN_layers": 5,
  "architectures": [
    "BertForMaskedLM"
  ],
  "attention_probs_dropout_prob": 0.1,
  "attention_type": "custom",
  "batch_size": 32,
  "classifier_dropout": null,
  "epochs": 50000,
  "gradient_checkpointing": false,
  "hidden_act": "gelu",
  "hidden_dropout_prob": 0.1,
  "hidden_size": 768,
  "initializer_range": 0.02,
  "intermediate_size": 3072,
  "layer_norm_eps": 1e-12,
  "max_position_embeddings": 512,
  "max_sentence_len": 32,
  "num_attention_heads": 12,
  "num_hidden_layers": 12,
  "pad_token_id": 0,
  "position_embedding_type": "absolute",
  "test_epochs": 100,
  "transformers_version": "4.36.2",
  "type_vocab_size": 2,
  "use_cache": true,
  "vocab_size": 30522
}

Initializing tokenizer...
Initializing dataset...
Initializing datacollator...
Initializing dataloader...
Initializing tokenizer...
Initializing dataset...
Initializing datacollator...
Initializing dataloader...
Beginning training on 1600000 example sentences (approx. 8.69% of available)...
/storage/homes/aballo/DABERT2.0/batching.py:26: UserWarning: To copy construct from a tensor, it is recommended to use sourceTensor.clone().detach() or sourceTensor.clone().detach().requires_grad_(True), rather than torch.tensor(sourceTensor).
  return {key: torch.tensor(val[idx]) for key, val in self.encodings.items()}
You're using a BertTokenizerFast tokenizer. Please note that with a fast tokenizer, using the `__call__` method is faster than using a method to encode the text followed by a call to the `pad` method to get a padded encoding.
	 0.0% | Epoch 0 | Loss: 10.4630
	 5.0% | Epoch 2500 | Loss: 6.6205
	 10.0% | Epoch 5000 | Loss: 6.8832
	 15.0% | Epoch 7500 | Loss: 6.4846
	 20.0% | Epoch 10000 | Loss: 6.5031
	 25.0% | Epoch 12500 | Loss: 5.9134
	 30.0% | Epoch 15000 | Loss: 6.5901
	 35.0% | Epoch 17500 | Loss: 6.1378
	 40.0% | Epoch 20000 | Loss: 7.1898
	 45.0% | Epoch 22500 | Loss: 6.8885
	 50.0% | Epoch 25000 | Loss: 6.5164
	 55.0% | Epoch 27500 | Loss: 6.3248
	 60.0% | Epoch 30000 | Loss: 7.0576
	 65.0% | Epoch 32500 | Loss: 6.4180
	 70.0% | Epoch 35000 | Loss: 7.0043
	 75.0% | Epoch 37500 | Loss: 5.9924
	 80.0% | Epoch 40000 | Loss: 7.0460
	 85.0% | Epoch 42500 | Loss: 6.8822
	 90.0% | Epoch 45000 | Loss: 6.3672
	 95.0% | Epoch 47500 | Loss: 5.9176
	 100% | Epoch 49999 | Loss: 6.2205
Training finished. Total training time (H:mm:ss): 4:08:11.796014
Beginning validation on 3200 example sentences (approx. 0.02% of available)...
Validation complete. Avg validation loss: 6.514546918869018
Ending: 04/26/24 18:46:30
