Job ID: 5649
Node: node002 echo Starting: 05/01/24 21:14:07
wpatty
⚙️: Fetching hyperparameters...
	 save_model_weights: False
	 save_weights_path: save-50x32-actual-customx4
	 load_model_weights: False
	 load_weights_path: save-50x32-actual
	 epochs: 50000
	 test_epochs: 1000
	 batch_size: 32
	 max_sentence_len: 32
	 learning_rate: 0.002
	 attention_type: actual
	 DNN_layers: 5
	 architectures: ['BertForMaskedLM']
	 attention_probs_dropout_prob: 0.1
	 classifier_dropout: None
	 gradient_checkpointing: False
	 hidden_act: gelu
	 hidden_dropout_prob: 0.1
	 hidden_size: 768
	 initializer_range: 0.02
	 intermediate_size: 3072
	 layer_norm_eps: 1e-12
	 max_position_embeddings: 512
	 model_type: bert
	 num_attention_heads: 12
	 num_hidden_layers: 12
	 pad_token_id: 0
	 position_embedding_type: absolute
	 transformers_version: 4.36.2
	 type_vocab_size: 2
	 use_cache: True
	 vocab_size: 30522
⚙️: Loading in data...
⚙️: Setting device... cuda
⚙️: Initializing config, model, and optimizer...
config PretrainedConfig {
  "DNN_layers": 5,
  "architectures": [
    "BertForMaskedLM"
  ],
  "attention_probs_dropout_prob": 0.1,
  "attention_type": "actual",
  "batch_size": 32,
  "classifier_dropout": null,
  "epochs": 50000,
  "gradient_checkpointing": false,
  "hidden_act": "gelu",
  "hidden_dropout_prob": 0.1,
  "hidden_size": 768,
  "initializer_range": 0.02,
  "intermediate_size": 3072,
  "layer_norm_eps": 1e-12,
  "learning_rate": 0.002,
  "load_model_weights": false,
  "load_weights_path": "save-50x32-actual",
  "max_position_embeddings": 512,
  "max_sentence_len": 32,
  "num_attention_heads": 12,
  "num_hidden_layers": 12,
  "pad_token_id": 0,
  "position_embedding_type": "absolute",
  "save_model_weights": false,
  "save_weights_path": "save-50x32-actual-customx4",
  "test_epochs": 1000,
  "transformers_version": "4.36.2",
  "type_vocab_size": 2,
  "use_cache": true,
  "vocab_size": 30522
}

Initializing tokenizer...
Initializing dataset...
Initializing datacollator...
Initializing dataloader...
Initializing tokenizer...
Initializing dataset...
Initializing datacollator...
Initializing dataloader...
📰: Beginning training on 1600000 example sentences (approx. 18.41% of available)...
You're using a BertTokenizerFast tokenizer. Please note that with a fast tokenizer, using the `__call__` method is faster than using a method to encode the text followed by a call to the `pad` method to get a padded encoding.
⏳: 	 0% | Epoch 0 | Loss: 10.4616
⏳: 	 5.0% | Epoch 2500 | Loss: 7.3984
⏳: 	 10.0% | Epoch 5000 | Loss: 7.2721
⏳: 	 15.0% | Epoch 7500 | Loss: 7.2711
⏳: 	 20.0% | Epoch 10000 | Loss: 7.2613
⏳: 	 25.0% | Epoch 12500 | Loss: 7.2502
⏳: 	 30.0% | Epoch 15000 | Loss: 7.2586
⏳: 	 35.0% | Epoch 17500 | Loss: 7.2535
⏳: 	 40.0% | Epoch 20000 | Loss: 7.2547
⏳: 	 45.0% | Epoch 22500 | Loss: 7.2517
⏳: 	 50.0% | Epoch 25000 | Loss: 7.2452
⏳: 	 55.0% | Epoch 27500 | Loss: 7.2481
⏳: 	 60.0% | Epoch 30000 | Loss: 7.2379
⏳: 	 65.0% | Epoch 32500 | Loss: 7.2445
⏳: 	 70.0% | Epoch 35000 | Loss: 7.2378
⏳: 	 75.0% | Epoch 37500 | Loss: 7.2566
⏳: 	 80.0% | Epoch 40000 | Loss: 7.2485
⏳: 	 85.0% | Epoch 42500 | Loss: 7.2423
⏳: 	 90.0% | Epoch 45000 | Loss: 7.2386
⏳: 	 95.0% | Epoch 47500 | Loss: 7.2416
⏳: 	 100% | Epoch 49999 | Loss: 7.2452
🧪: Final loss: 6.9199
✅: Training finished. Total training time (H:mm:ss): 2:48:10.025988
📰: Beginning validation on 32000 example sentences (approx. 0.37% of available)...
✅: Validation complete. Avg validation loss: 7.235283356666565
Ending: 05/02/24 00:10:19
