Job ID: 5697
Node: node002 echo Starting: 05/02/24 09:06:29
aknichols
⚙️: Fetching hyperparameters...
	 save_model_weights: False
	 save_weights_path: save-50x32-actual-customx4
	 load_model_weights: False
	 load_weights_path: save-50x32-actual
	 epochs: 10000
	 test_epochs: 10
	 batch_size: 64
	 max_sentence_len: 32
	 learning_rate: 5e-05
	 attention_type: actual
	 DNN_layers: 12
	 architectures: ['BertForMaskedLM']
	 attention_probs_dropout_prob: 0.1
	 classifier_dropout: None
	 gradient_checkpointing: False
	 hidden_act: gelu
	 hidden_dropout_prob: 0.1
	 hidden_size: 768
	 initializer_range: 0.02
	 intermediate_size: 3072
	 layer_norm_eps: 1e-12
	 max_position_embeddings: 512
	 model_type: bert
	 num_attention_heads: 12
	 num_hidden_layers: 12
	 pad_token_id: 0
	 position_embedding_type: absolute
	 transformers_version: 4.36.2
	 type_vocab_size: 2
	 use_cache: True
	 vocab_size: 30522
⚙️: Loading in data...
⚙️: Setting device... cuda
⚙️: Initializing config, model, and optimizer...
config PretrainedConfig {
  "DNN_layers": 12,
  "architectures": [
    "BertForMaskedLM"
  ],
  "attention_probs_dropout_prob": 0.1,
  "attention_type": "actual",
  "batch_size": 64,
  "classifier_dropout": null,
  "epochs": 10000,
  "gradient_checkpointing": false,
  "hidden_act": "gelu",
  "hidden_dropout_prob": 0.1,
  "hidden_size": 768,
  "initializer_range": 0.02,
  "intermediate_size": 3072,
  "layer_norm_eps": 1e-12,
  "learning_rate": 5e-05,
  "load_model_weights": false,
  "load_weights_path": "save-50x32-actual",
  "max_position_embeddings": 512,
  "max_sentence_len": 32,
  "num_attention_heads": 12,
  "num_hidden_layers": 12,
  "pad_token_id": 0,
  "position_embedding_type": "absolute",
  "save_model_weights": false,
  "save_weights_path": "save-50x32-actual-customx4",
  "test_epochs": 10,
  "transformers_version": "4.40.0",
  "type_vocab_size": 2,
  "use_cache": true,
  "vocab_size": 30522
}

Initializing tokenizer...
Initializing dataset...
Initializing datacollator...
Initializing dataloader...
Initializing tokenizer...
Initializing dataset...
Initializing datacollator...
Initializing dataloader...
📰: Beginning training on 640000 example sentences (approx. 7.36% of available)...
⏳: 	 0% | Epoch 0 | Loss: 10.5601
⏳: 	 5.0% | Epoch 500 | Loss: 7.5885
⏳: 	 10.0% | Epoch 1000 | Loss: 7.3007
⏳: 	 15.0% | Epoch 1500 | Loss: 7.2897
⏳: 	 20.0% | Epoch 2000 | Loss: 7.2757
⏳: 	 25.0% | Epoch 2500 | Loss: 7.2757
⏳: 	 30.0% | Epoch 3000 | Loss: 7.2482
⏳: 	 35.0% | Epoch 3500 | Loss: 7.2525
⏳: 	 40.0% | Epoch 4000 | Loss: 7.2485
⏳: 	 45.0% | Epoch 4500 | Loss: 7.2490
⏳: 	 50.0% | Epoch 5000 | Loss: 7.2382
⏳: 	 55.0% | Epoch 5500 | Loss: 7.2458
⏳: 	 60.0% | Epoch 6000 | Loss: 7.2285
⏳: 	 65.0% | Epoch 6500 | Loss: 7.2525
⏳: 	 70.0% | Epoch 7000 | Loss: 7.2315
⏳: 	 75.0% | Epoch 7500 | Loss: 7.2294
⏳: 	 80.0% | Epoch 8000 | Loss: 7.2492
⏳: 	 85.0% | Epoch 8500 | Loss: 7.2446
⏳: 	 90.0% | Epoch 9000 | Loss: 7.2368
⏳: 	 95.0% | Epoch 9500 | Loss: 7.2305
⏳: 	 100% | Epoch 9999 | Loss: 7.2265
🧪: Final loss: 6.9213
✅: Training finished. Total training time (H:mm:ss): 4:02:34.959501
📰: Beginning validation on 640 example sentences (approx. 0.01% of available)...
✅: Validation complete. Avg validation loss: 7.118316030502319
Ending: 05/02/24 13:10:00
