Job ID: 5685
Node: node002 echo Starting: 05/02/24 08:37:47
aknichols
⚙️: Fetching hyperparameters...
	 save_model_weights: False
	 save_weights_path: save-50x32-actual-customx4
	 load_model_weights: False
	 load_weights_path: save-50x32-actual
	 epochs: 5000
	 test_epochs: 10
	 batch_size: 64
	 max_sentence_len: 32
	 learning_rate: 0.002
	 attention_type: actual
	 DNN_layers: 12
	 architectures: ['BertForMaskedLM']
	 attention_probs_dropout_prob: 0.1
	 classifier_dropout: None
	 gradient_checkpointing: False
	 hidden_act: gelu
	 hidden_dropout_prob: 0.1
	 hidden_size: 768
	 initializer_range: 0.02
	 intermediate_size: 3072
	 layer_norm_eps: 1e-12
	 max_position_embeddings: 512
	 model_type: bert
	 num_attention_heads: 12
	 num_hidden_layers: 12
	 pad_token_id: 0
	 position_embedding_type: absolute
	 transformers_version: 4.36.2
	 type_vocab_size: 2
	 use_cache: True
	 vocab_size: 30522
⚙️: Loading in data...
⚙️: Setting device... cuda
⚙️: Initializing config, model, and optimizer...
config PretrainedConfig {
  "DNN_layers": 12,
  "architectures": [
    "BertForMaskedLM"
  ],
  "attention_probs_dropout_prob": 0.1,
  "attention_type": "actual",
  "batch_size": 64,
  "classifier_dropout": null,
  "epochs": 5000,
  "gradient_checkpointing": false,
  "hidden_act": "gelu",
  "hidden_dropout_prob": 0.1,
  "hidden_size": 768,
  "initializer_range": 0.02,
  "intermediate_size": 3072,
  "layer_norm_eps": 1e-12,
  "learning_rate": 0.002,
  "load_model_weights": false,
  "load_weights_path": "save-50x32-actual",
  "max_position_embeddings": 512,
  "max_sentence_len": 32,
  "num_attention_heads": 12,
  "num_hidden_layers": 12,
  "pad_token_id": 0,
  "position_embedding_type": "absolute",
  "save_model_weights": false,
  "save_weights_path": "save-50x32-actual-customx4",
  "test_epochs": 10,
  "transformers_version": "4.40.0",
  "type_vocab_size": 2,
  "use_cache": true,
  "vocab_size": 30522
}

Initializing tokenizer...
Initializing dataset...
Initializing datacollator...
Initializing dataloader...
Initializing tokenizer...
Initializing dataset...
Initializing datacollator...
Initializing dataloader...
📰: Beginning training on 320000 example sentences (approx. 3.68% of available)...
⏳: 	 0% | Epoch 0 | Loss: 10.5085
⏳: 	 5.0% | Epoch 250 | Loss: 7.7233
⏳: 	 10.0% | Epoch 500 | Loss: 7.4012
⏳: 	 15.0% | Epoch 750 | Loss: 7.3357
⏳: 	 20.0% | Epoch 1000 | Loss: 7.3122
⏳: 	 25.0% | Epoch 1250 | Loss: 7.3065
⏳: 	 30.0% | Epoch 1500 | Loss: 7.2903
⏳: 	 35.0% | Epoch 1750 | Loss: 7.2904
⏳: 	 40.0% | Epoch 2000 | Loss: 7.2868
⏳: 	 45.0% | Epoch 2250 | Loss: 7.2723
⏳: 	 50.0% | Epoch 2500 | Loss: 7.2790
⏳: 	 55.0% | Epoch 2750 | Loss: 7.2523
⏳: 	 60.0% | Epoch 3000 | Loss: 7.2711
⏳: 	 65.0% | Epoch 3250 | Loss: 7.2431
⏳: 	 70.0% | Epoch 3500 | Loss: 7.2531
⏳: 	 75.0% | Epoch 3750 | Loss: 7.2585
⏳: 	 80.0% | Epoch 4000 | Loss: 7.2400
⏳: 	 85.0% | Epoch 4250 | Loss: 7.2605
⏳: 	 90.0% | Epoch 4500 | Loss: 7.2559
⏳: 	 95.0% | Epoch 4750 | Loss: 7.2539
⏳: 	 100% | Epoch 4999 | Loss: 7.2282
🧪: Final loss: 7.3245
✅: Training finished. Total training time (H:mm:ss): 0:48:14.233218
📰: Beginning validation on 640 example sentences (approx. 0.01% of available)...
✅: Validation complete. Avg validation loss: 7.232628107070923
Ending: 05/02/24 09:26:57
